<?xml version="1.0" encoding="UTF-8"?>
<!DOCTYPE hibernate-configuration PUBLIC "-//Hibernate/Hibernate Configuration DTD 3.0//EN"
        "http://hibernate.sourceforge.net/hibernate-configuration-3.0.dtd">
<hibernate-configuration>
    <session-factory>
        <property name="hibernate.connection.driver_class">com.mysql.jdbc.Driver</property>
        <property name="hibernate.connection.password">testit</property>
        <property name="hibernate.connection.url">jdbc:mysql://127.0.0.1:3306/ebuisness_test_database</property>
        <property name="hibernate.connection.username">testit_user</property>
        <property name="hibernate.dialect">org.hibernate.dialect.MySQLDialect</property>
        <property name="hibernate.connection.pool_size">1</property>
        <property name="hibernate.show_sql">true</property>
        <!--<property name="hibernate.hbm2ddl.auto">create-drop</property>-->
        <property name="hibernate.cache.provider_class">org.hibernate.cache.NoCacheProvider</property>
        <mapping package="com.ebschool.ejb.model" />
    </session-factory>
</hibernate-configuration>
